cl : command line warning D9035: option 'o' has been deprecated and will be removed in a future release
  chiSquared.cpp
C:\Program Files (x86)\Windows Kits\10\Include\10.0.18362.0\ucrt\tgmath.h(27): warning UCRT4000: The Universal CRT implementation of tgmath.h does not conform to the C99 standard. Functionality equivalent to the type-generic functions provided by tgmath.h is available in <ctgmath> when compiling as C++. If compiling in C++17 mode or higher (/std:c++17), this header will automatically include <ctgmath> instead. You can define _CRT_SILENCE_NONCONFORMING_TGMATH_H to acknowledge that you have received this warning.
C:\Users\Sean_3\Source\Repos\CS416-Project\projectCode\chiSquared\chiSquared\chiSquared.cpp(126,24): warning C4018: '<': signed/unsigned mismatch
C:\Users\Sean_3\Source\Repos\CS416-Project\projectCode\chiSquared\chiSquared\chiSquared.cpp(130,25): warning C4018: '<=': signed/unsigned mismatch
C:\Users\Sean_3\Source\Repos\CS416-Project\projectCode\chiSquared\chiSquared\chiSquared.cpp(170,24): warning C4018: '<': signed/unsigned mismatch
C:\Users\Sean_3\Source\Repos\CS416-Project\projectCode\chiSquared\chiSquared\chiSquared.cpp(174,25): warning C4018: '<=': signed/unsigned mismatch
C:\Users\Sean_3\Source\Repos\CS416-Project\projectCode\chiSquared\chiSquared\chiSquared.cpp(211,24): warning C4018: '<': signed/unsigned mismatch
C:\Users\Sean_3\Source\Repos\CS416-Project\projectCode\chiSquared\chiSquared\chiSquared.cpp(216,65): warning C4849: OpenMP 'collapse' clause ignored in 'for' directive
C:\Users\Sean_3\Source\Repos\CS416-Project\projectCode\chiSquared\chiSquared\chiSquared.cpp(217,24): warning C4018: '<': signed/unsigned mismatch
C:\Users\Sean_3\Source\Repos\CS416-Project\projectCode\chiSquared\chiSquared\chiSquared.cpp(220,25): warning C4018: '<': signed/unsigned mismatch
C:\Users\Sean_3\Source\Repos\CS416-Project\projectCode\chiSquared\chiSquared\chiSquared.cpp(225,27): warning C4018: '<': signed/unsigned mismatch
C:\Users\Sean_3\Source\Repos\CS416-Project\projectCode\chiSquared\chiSquared\chiSquared.cpp(242,24): warning C4018: '<': signed/unsigned mismatch
C:\Users\Sean_3\Source\Repos\CS416-Project\projectCode\chiSquared\chiSquared\chiSquared.cpp(244,25): warning C4018: '<': signed/unsigned mismatch
C:\Users\Sean_3\Source\Repos\CS416-Project\projectCode\chiSquared\chiSquared\chiSquared.cpp(258,21): warning C4244: '=': conversion from 'double' to 'float', possible loss of data
C:\Users\Sean_3\Source\Repos\CS416-Project\projectCode\chiSquared\chiSquared\chiSquared.cpp(382,20): warning C4018: '<': signed/unsigned mismatch
C:\Users\Sean_3\Source\Repos\CS416-Project\projectCode\chiSquared\chiSquared\chiSquared.cpp(386,20): warning C4018: '<': signed/unsigned mismatch
C:\Users\Sean_3\Source\Repos\CS416-Project\projectCode\chiSquared\chiSquared\chiSquared.cpp(395,35): warning C4305: 'argument': truncation from 'double' to 'float'
C:\Users\Sean_3\Source\Repos\CS416-Project\projectCode\chiSquared\chiSquared\chiSquared.cpp(399,3): warning C4305: 'argument': truncation from 'double' to 'float'
C:\Users\Sean_3\Source\Repos\CS416-Project\projectCode\chiSquared\chiSquared\chiSquared.cpp(400,3): warning C4305: 'argument': truncation from 'double' to 'float'
C:\Users\Sean_3\Source\Repos\CS416-Project\projectCode\chiSquared\chiSquared\chiSquared.cpp(401,3): warning C4305: 'argument': truncation from 'double' to 'float'
  chiSquared.vcxproj -> C:\Users\Sean_3\Source\Repos\CS416-Project\projectCode\chiSquared\Debug\chiSquared.exe
